2021-01-10 16:19:18.857 - INFO - 21184 - azureml.train.automl._azureautomlclient.modify_run_configuration:199 - Package azureml-train-automl missing from dependencies file.
2021-01-10 16:19:18.857 - INFO - 21184 - azureml.train.automl._azureautomlclient.modify_run_configuration:205 - Using pinned version: azureml-train-automl==1.19.0.*
2021-01-10 16:19:18.858 - INFO - 21184 - azureml.train.automl._azureautomlclient.modify_run_configuration:199 - Package pandas missing from dependencies file.
2021-01-10 16:19:18.858 - INFO - 21184 - azureml.train.automl._azureautomlclient.modify_run_configuration:205 - Using pinned version: pandas==0.25.1
2021-01-10 16:19:18.859 - INFO - 21184 - azureml.train.automl._azureautomlclient.modify_run_configuration:199 - Package psutil missing from dependencies file.
2021-01-10 16:19:18.860 - INFO - 21184 - azureml.train.automl._azureautomlclient.modify_run_configuration:205 - Using pinned version: psutil>5.0.0,<6.0.0
2021-01-10 16:19:18.868 - INFO - 21184 - azureml.train.automl._azureautomlclient.modify_run_configuration:199 - Package scikit-learn missing from dependencies file.
2021-01-10 16:19:18.868 - INFO - 21184 - azureml.train.automl._azureautomlclient.modify_run_configuration:205 - Using pinned version: scikit-learn==0.22.1
2021-01-10 16:19:18.869 - INFO - 21184 - azureml.train.automl._azureautomlclient.modify_run_configuration:199 - Package numpy missing from dependencies file.
2021-01-10 16:19:18.869 - INFO - 21184 - azureml.train.automl._azureautomlclient.modify_run_configuration:205 - Using pinned version: numpy~=1.18.0
2021-01-10 16:19:18.869 - INFO - 21184 - azureml.train.automl._azureautomlclient.modify_run_configuration:199 - Package py-xgboost missing from dependencies file.
2021-01-10 16:19:18.870 - INFO - 21184 - azureml.train.automl._azureautomlclient.modify_run_configuration:205 - Using pinned version: py-xgboost<=0.90
2021-01-10 16:19:18.870 - INFO - 21184 - azureml.train.automl._azureautomlclient.modify_run_configuration:199 - Package inference-schema missing from dependencies file.
2021-01-10 16:19:18.871 - INFO - 21184 - azureml.train.automl._azureautomlclient.modify_run_configuration:199 - Package fbprophet missing from dependencies file.
2021-01-10 16:19:18.871 - INFO - 21184 - azureml.train.automl._azureautomlclient.modify_run_configuration:205 - Using pinned version: fbprophet==0.5
2021-01-10 16:19:18.871 - INFO - 21184 - azureml.train.automl._azureautomlclient.modify_run_configuration:199 - Package setuptools-git missing from dependencies file.
2021-01-10 16:19:18.872 - INFO - 21184 - azureml.train.automl._azureautomlclient.modify_run_configuration:209 - Using installed version: setuptools-git==1.2
2021-01-10 16:19:18.878 - INFO - 21184 - azureml.train.automl._azureautomlclient._validate_input:663 - Start data validation.
2021-01-10 16:19:20.777 - INFO - 21184 - azureml.train.automl._azureautomlclient._validate_input:676 - Validation service found the data has no errors.
2021-01-10 16:19:20.778 - INFO - 21184 - azureml.train.automl._azureautomlclient._create_parent_run_for_remote:541 - Start creating parent run.
2021-01-10 16:19:21.598 - INFO - 21184 - azureml.train.automl._azureautomlclient._create_parent_run_for_remote:561 - [ParentRunID:AutoML_a1d5996a-6c2e-4b16-b83d-406b66c606ee] Remote run using input X and y.
2021-01-10 16:19:22.966 - INFO - 21184 - azureml.train.automl._azureautomlclient._create_parent_run_for_remote:574 - Parent Run ID: AutoML_a1d5996a-6c2e-4b16-b83d-406b66c606ee
2021-01-10 16:19:22.966 - INFO - 21184 - azureml.train.automl._azureautomlclient._fit_remote_core:502 - Starting a snapshot run (snapshot_id : None)
2021-01-11 20:55:27.430 - INFO - 6766 - azureml.train.automl._azureautomlclient.modify_run_configuration:199 - Package azureml-train-automl missing from dependencies file.
2021-01-11 20:55:27.430 - INFO - 6766 - azureml.train.automl._azureautomlclient.modify_run_configuration:205 - Using pinned version: azureml-train-automl==1.19.0.*
2021-01-11 20:55:27.431 - INFO - 6766 - azureml.train.automl._azureautomlclient.modify_run_configuration:199 - Package pandas missing from dependencies file.
2021-01-11 20:55:27.431 - INFO - 6766 - azureml.train.automl._azureautomlclient.modify_run_configuration:205 - Using pinned version: pandas==0.25.1
2021-01-11 20:55:27.431 - INFO - 6766 - azureml.train.automl._azureautomlclient.modify_run_configuration:199 - Package psutil missing from dependencies file.
2021-01-11 20:55:27.431 - INFO - 6766 - azureml.train.automl._azureautomlclient.modify_run_configuration:205 - Using pinned version: psutil>5.0.0,<6.0.0
2021-01-11 20:55:27.431 - INFO - 6766 - azureml.train.automl._azureautomlclient.modify_run_configuration:199 - Package scikit-learn missing from dependencies file.
2021-01-11 20:55:27.431 - INFO - 6766 - azureml.train.automl._azureautomlclient.modify_run_configuration:205 - Using pinned version: scikit-learn==0.22.1
2021-01-11 20:55:27.432 - INFO - 6766 - azureml.train.automl._azureautomlclient.modify_run_configuration:199 - Package numpy missing from dependencies file.
2021-01-11 20:55:27.432 - INFO - 6766 - azureml.train.automl._azureautomlclient.modify_run_configuration:205 - Using pinned version: numpy~=1.18.0
2021-01-11 20:55:27.432 - INFO - 6766 - azureml.train.automl._azureautomlclient.modify_run_configuration:199 - Package py-xgboost missing from dependencies file.
2021-01-11 20:55:27.432 - INFO - 6766 - azureml.train.automl._azureautomlclient.modify_run_configuration:205 - Using pinned version: py-xgboost<=0.90
2021-01-11 20:55:27.432 - INFO - 6766 - azureml.train.automl._azureautomlclient.modify_run_configuration:199 - Package inference-schema missing from dependencies file.
2021-01-11 20:55:27.432 - INFO - 6766 - azureml.train.automl._azureautomlclient.modify_run_configuration:199 - Package fbprophet missing from dependencies file.
2021-01-11 20:55:27.432 - INFO - 6766 - azureml.train.automl._azureautomlclient.modify_run_configuration:205 - Using pinned version: fbprophet==0.5
2021-01-11 20:55:27.433 - INFO - 6766 - azureml.train.automl._azureautomlclient.modify_run_configuration:199 - Package setuptools-git missing from dependencies file.
2021-01-11 20:55:27.433 - INFO - 6766 - azureml.train.automl._azureautomlclient.modify_run_configuration:209 - Using installed version: setuptools-git==1.2
2021-01-11 20:55:27.439 - INFO - 6766 - azureml.train.automl._azureautomlclient._validate_input:663 - Start data validation.
2021-01-11 20:55:29.207 - INFO - 6766 - azureml.train.automl._azureautomlclient._validate_input:676 - Validation service found the data has no errors.
2021-01-11 20:55:29.208 - INFO - 6766 - azureml.train.automl._azureautomlclient._create_parent_run_for_remote:541 - Start creating parent run.
2021-01-11 20:55:30.112 - INFO - 6766 - azureml.train.automl._azureautomlclient._create_parent_run_for_remote:561 - [ParentRunID:AutoML_8ec8a7ab-1d94-4e8c-8fad-ebb1d50ee12b] Remote run using input X and y.
2021-01-11 20:55:30.187 - INFO - 6766 - azureml.train.automl._azureautomlclient._create_parent_run_for_remote:574 - Parent Run ID: AutoML_8ec8a7ab-1d94-4e8c-8fad-ebb1d50ee12b
2021-01-11 20:55:30.188 - INFO - 6766 - azureml.train.automl._azureautomlclient._fit_remote_core:502 - Starting a snapshot run (snapshot_id : None)
